wifi2/app/build/intermediates/manifest_merge_blame_file/debug/manifest-merger-blame-debug-report.txt
1<?xml version="1.0" encoding="utf-8"?>
2<manifest xmlns:android="http://schemas.android.com/apk/res/android"
3    package="com.example.wifi_info"
4    android:versionCode="1"
5    android:versionName="1.0" >
6
7    <uses-sdk
7-->src\main\AndroidManifest.xml:11:5-47
8        android:minSdkVersion="8"
8-->src\main\AndroidManifest.xml:11:5-47
9        android:targetSdkVersion="17" />
9-->src\main\AndroidManifest.xml:11:15-44
10
11    <instrumentation
11-->src\main\AndroidManifest.xml:7:5-9:57
12        android:name="android.test.InstrumentationTestRunner"
12-->src\main\AndroidManifest.xml:8:9-62
13        android:targetPackage="com.example.wifi_info" />
13-->src\main\AndroidManifest.xml:9:9-54
14
15    <uses-permission android:name="android.permission.CHANGE_WIFI_STATE" />
15-->src\main\AndroidManifest.xml:13:5-76
15-->src\main\AndroidManifest.xml:13:22-73
16    <uses-permission android:name="android.permission.ACCESS_WIFI_STATE" />
16-->src\main\AndroidManifest.xml:14:5-76
16-->src\main\AndroidManifest.xml:14:22-73
17    <uses-permission android:name="android.permission.WRITE_EXTERNAL_STORAGE" />
17-->src\main\AndroidManifest.xml:15:5-80
17-->src\main\AndroidManifest.xml:15:22-78
18    <uses-permission android:name="android.permission.MOUNT_UNMOUNT_FILESYSTEMS" />
18-->src\main\AndroidManifest.xml:16:5-83
18-->src\main\AndroidManifest.xml:16:22-81
19
20    <application
20-->src\main\AndroidManifest.xml:18:5-51:19
21        android:allowBackup="true"
21-->src\main\AndroidManifest.xml:19:9-35
22        android:debuggable="true"
23        android:icon="@drawable/ic_launcher"
23-->src\main\AndroidManifest.xml:20:9-45
24        android:label="@string/app_name"
24-->src\main\AndroidManifest.xml:21:9-41
25        android:testOnly="true"
26        android:theme="@style/AppTheme" >
26-->src\main\AndroidManifest.xml:22:9-40
27        <uses-library android:name="android.test.runner" />
27-->src\main\AndroidManifest.xml:23:9-60
27-->src\main\AndroidManifest.xml:23:23-57
28
29        <activity
29-->src\main\AndroidManifest.xml:25:9-33:20
30            android:name="com.example.wifi_info.MainActivity"
30-->src\main\AndroidManifest.xml:26:13-41
31            android:label="@string/app_name" >
31-->src\main\AndroidManifest.xml:27:13-45
32            <intent-filter>
32-->src\main\AndroidManifest.xml:28:13-32:29
33                <action android:name="android.intent.action.MAIN" />
33-->src\main\AndroidManifest.xml:29:17-69
33-->src\main\AndroidManifest.xml:29:25-66
34
35                <category android:name="android.intent.category.LAUNCHER" />
35-->src\main\AndroidManifest.xml:31:17-77
35-->src\main\AndroidManifest.xml:31:27-74
36            </intent-filter>
37        </activity>
38        <activity
38-->src\main\AndroidManifest.xml:34:9-37:20
39            android:name="com.example.wifi_info.PositionActivity"
39-->src\main\AndroidManifest.xml:35:13-45
40            android:label="@string/app_name" >
40-->src\main\AndroidManifest.xml:36:13-45
41        </activity>
42        <activity
42-->src\main\AndroidManifest.xml:38:9-41:20
43            android:name="com.example.wifi_info.TrainingActivity"
43-->src\main\AndroidManifest.xml:39:13-45
44            android:label="@string/app_name" >
44-->src\main\AndroidManifest.xml:40:13-45
45        </activity>
46        <activity
46-->src\main\AndroidManifest.xml:43:9-46:20
47            android:name="com.example.wifi_info.KmeansActivity"
47-->src\main\AndroidManifest.xml:44:13-43
48            android:label="@string/app_name" >
48-->src\main\AndroidManifest.xml:45:13-45
49        </activity>
50        <activity
50-->src\main\AndroidManifest.xml:47:9-50:20
51            android:name="com.example.wifi_info.ShowDatas"
51-->src\main\AndroidManifest.xml:48:13-38
52            android:label="@string/app_name" >
52-->src\main\AndroidManifest.xml:49:13-45
53        </activity>
54    </application>
55
56</manifest>